#
# There is insufficient memory for the Java Runtime Environment to continue.
# Native memory allocation (mmap) failed to map 132120576 bytes. Error detail: G1 virtual space
# Possible reasons:
#   The system is out of physical RAM or swap space
#   This process is running with CompressedOops enabled, and the Java Heap may be blocking the growth of the native heap
# Possible solutions:
#   Reduce memory load on the system
#   Increase physical memory or swap space
#   Check if swap backing store is full
#   Decrease Java heap size (-Xmx/-Xms)
#   Decrease number of Java threads
#   Decrease Java thread stack sizes (-Xss)
#   Set larger code cache with -XX:ReservedCodeCacheSize=
#   JVM is running with Unscaled Compressed Oops mode in which the Java heap is
#     placed in the first 4GB address space. The Java Heap base address is the
#     maximum limit for the native heap growth. Please use -XX:HeapBaseMinAddress
#     to set the Java Heap base and to place the Java Heap above 4GB virtual address.
# This output file may be truncated or incomplete.
#
#  Out of Memory Error (os_windows.cpp:3825), pid=32284, tid=32632
#
# JRE version:  (17.0.12+1) (build )
# Java VM: OpenJDK 64-Bit Server VM (17.0.12+1-b1207.37, mixed mode, sharing, tiered, compressed oops, compressed class ptrs, g1 gc, windows-amd64)
# No core dump will be written. Minidumps are not enabled by default on client versions of Windows
#

---------------  S U M M A R Y ------------

Command Line: -Dfile.encoding=UTF-8 C:\Users\Technopark\OneDrive\Документы\ITMO\programming\lab7\Server\build\libs\Server-1.0-SNAPSHOT.jar

Host: Intel(R) Core(TM) i7-9750H CPU @ 2.60GHz, 12 cores, 7G,  Windows 10 , 64 bit Build 19041 (10.0.19041.5794)
Time: Wed Jun 11 07:21:16 2025 RTZ 2 (s 10 , 64 bit Build 19041 (10.0.19041.5794) elapsed time: 0.160079 seconds (0d 0h 0m 0s)

---------------  T H R E A D  ---------------

Current thread (0x000002148e96dd40):  JavaThread "Unknown thread" [_thread_in_vm, id=32632, stack(0x00000034a0400000,0x00000034a0500000)]

Stack: [0x00000034a0400000,0x00000034a0500000]
Native frames: (J=compiled Java code, j=interpreted, Vv=VM code, C=native code)
V  [jvm.dll+0x689d89]  os::platform_print_native_stack+0xd9  (os_windows_x86.cpp:235)
V  [jvm.dll+0x84386a]  VMError::report+0xc6a  (vmError.cpp:868)
V  [jvm.dll+0x8454ee]  VMError::report_and_die+0x78e  (vmError.cpp:1766)
V  [jvm.dll+0x845b53]  VMError::report_and_die+0x43  (vmError.cpp:1552)
V  [jvm.dll+0x24a56f]  report_vm_out_of_memory+0x8f  (debug.cpp:321)
V  [jvm.dll+0x686ad9]  os::pd_commit_memory_or_exit+0xc9  (os_windows.cpp:3833)
V  [jvm.dll+0x67b3da]  os::commit_memory_or_exit+0x2a  (os.cpp:1740)
V  [jvm.dll+0x30b15b]  G1PageBasedVirtualSpace::commit+0x19b  (g1PageBasedVirtualSpace.cpp:204)
V  [jvm.dll+0x312646]  G1RegionsLargerThanCommitSizeMapper::commit_regions+0x96  (g1RegionToSpaceMapper.cpp:100)
V  [jvm.dll+0x36288e]  HeapRegionManager::expand_any+0xee  (heapRegionManager.cpp:363)
V  [jvm.dll+0x362acf]  HeapRegionManager::expand_by+0x7f  (heapRegionManager.cpp:380)
V  [jvm.dll+0x2e125c]  G1CollectedHeap::expand+0xbc  (g1CollectedHeap.cpp:1292)
V  [jvm.dll+0x2e21b4]  G1CollectedHeap::initialize+0x664  (g1CollectedHeap.cpp:1713)
V  [jvm.dll+0x81420b]  universe_init+0xbb  (universe.cpp:737)
V  [jvm.dll+0x370618]  init_globals+0x48  (init.cpp:131)
V  [jvm.dll+0x7f2b45]  Threads::create_vm+0x5e5  (thread.cpp:2909)
V  [jvm.dll+0x3f4aaf]  JNI_CreateJavaVM_inner+0x8f  (jni.cpp:3654)
V  [jvm.dll+0x3f6661]  JNI_CreateJavaVM+0x11  (jni.cpp:3746)
C  [jli.dll+0x528f]  JavaMain+0x113  (java.c:413)
C  [ucrtbase.dll+0x21bb2]
C  [KERNEL32.DLL+0x17374]
C  [ntdll.dll+0x4cc91]


---------------  P R O C E S S  ---------------

Threads class SMR info:
_java_thread_list=0x00007ffb52355fd8, length=0, elements={
}

Java Threads: ( => current thread )

Other Threads:
  0x000002148e9cba60 GCTaskThread "GC Thread#0" [stack: 0x00000034a0500000,0x00000034a0600000] [id=34356]
  0x000002148e9dcc90 ConcurrentGCThread "G1 Main Marker" [stack: 0x00000034a0600000,0x00000034a0700000] [id=2688]
  0x000002148e9dd6b0 ConcurrentGCThread "G1 Conc#0" [stack: 0x00000034a0700000,0x00000034a0800000] [id=37816]

[error occurred during error reporting (printing all threads), id 0xc0000005, EXCEPTION_ACCESS_VIOLATION (0xc0000005) at pc=0x00007ffb51b01ae7]

VM state: not at safepoint (not fully initialized)

VM Mutex/Monitor currently owned by a thread:  ([mutex/lock_event])
[0x000002148e96ac50] Heap_lock - owner thread: 0x000002148e96dd40

Heap address: 0x0000000082600000, size: 2010 MB, Compressed Oops mode: 32-bit

CDS archive(s) mapped at: [0x0000000000000000-0x0000000000000000-0x0000000000000000), size 0, SharedBaseAddress: 0x0000000800000000, ArchiveRelocationMode: 1.
Narrow klass base: 0x0000000000000000, Narrow klass shift: 0, Narrow klass range: 0x0

GC Precious Log:
<Empty>

Heap:
 garbage-first heap   total 0K, used 0K [0x0000000082600000, 0x0000000100000000)
  region size 1024K, 0 young (0K), 0 survivors (0K)
 Metaspace       used 0K, committed 0K, reserved 0K
  class space    used 0K, committed 0K, reserved 0K

Heap Regions: E=young(eden), S=young(survivor), O=old, HS=humongous(starts), HC=humongous(continues), CS=collection set, F=free, OA=open archive, CA=closed archive, TAMS=top-at-mark-start (previous, next)

Card table byte_map: [0x00000214a1a90000,0x00000214a1e80000] _byte_map_base: 0x00000214a167d000

Marking Bits (Prev, Next): (CMBitMap*) 0x000002148e9cc080, (CMBitMap*) 0x000002148e9cc0c0
 Prev Bits: [0x00000214a2270000, 0x00000214a41d8000)
 Next Bits: [0x00000214a41e0000, 0x00000214a6148000)

GC Heap History (0 events):
No events

Dll operation events (1 events):
Event: 0.126 Loaded shared library C:\Users\Technopark\.jdks\jbr-17.0.12\bin\java.dll

Deoptimization events (0 events):
No events

Classes loaded (0 events):
No events

Classes unloaded (0 events):
No events

Classes redefined (0 events):
No events

Internal exceptions (0 events):
No events

VM Operations (0 events):
No events

Events (0 events):
No events


Dynamic libraries:
0x00007ff6cf0b0000 - 0x00007ff6cf0ba000 	C:\Users\Technopark\.jdks\jbr-17.0.12\bin\java.exe
0x00007ffc28df0000 - 0x00007ffc28fe8000 	C:\WINDOWS\SYSTEM32\ntdll.dll
0x00007ffc28a50000 - 0x00007ffc28b12000 	C:\WINDOWS\System32\KERNEL32.DLL
0x00007ffc26490000 - 0x00007ffc26786000 	C:\WINDOWS\System32\KERNELBASE.dll
0x00007ffc26810000 - 0x00007ffc26910000 	C:\WINDOWS\System32\ucrtbase.dll
0x00007ffbff410000 - 0x00007ffbff42b000 	C:\Users\Technopark\.jdks\jbr-17.0.12\bin\VCRUNTIME140.dll
0x00007ffbff110000 - 0x00007ffbff127000 	C:\Users\Technopark\.jdks\jbr-17.0.12\bin\jli.dll
0x00007ffc27df0000 - 0x00007ffc27f8d000 	C:\WINDOWS\System32\USER32.dll
0x00007ffc26460000 - 0x00007ffc26482000 	C:\WINDOWS\System32\win32u.dll
0x00007ffc28830000 - 0x00007ffc2885b000 	C:\WINDOWS\System32\GDI32.dll
0x00007ffc26b40000 - 0x00007ffc26c5a000 	C:\WINDOWS\System32\gdi32full.dll
0x00007ffc26aa0000 - 0x00007ffc26b3d000 	C:\WINDOWS\System32\msvcp_win.dll
0x00007ffc15530000 - 0x00007ffc157ca000 	C:\WINDOWS\WinSxS\amd64_microsoft.windows.common-controls_6595b64144ccf1df_6.0.19041.5794_none_60bcd33171f2783c\COMCTL32.dll
0x00007ffc27d50000 - 0x00007ffc27dee000 	C:\WINDOWS\System32\msvcrt.dll
0x00007ffc26df0000 - 0x00007ffc26e1f000 	C:\WINDOWS\System32\IMM32.DLL
0x00007ffc00f20000 - 0x00007ffc00f2c000 	C:\Users\Technopark\.jdks\jbr-17.0.12\bin\vcruntime140_1.dll
0x00007ffbecbe0000 - 0x00007ffbecc6d000 	C:\Users\Technopark\.jdks\jbr-17.0.12\bin\msvcp140.dll
0x00007ffb51810000 - 0x00007ffb5249a000 	C:\Users\Technopark\.jdks\jbr-17.0.12\bin\server\jvm.dll
0x00007ffc28980000 - 0x00007ffc28a2f000 	C:\WINDOWS\System32\ADVAPI32.dll
0x00007ffc288e0000 - 0x00007ffc2897f000 	C:\WINDOWS\System32\sechost.dll
0x00007ffc280d0000 - 0x00007ffc281f3000 	C:\WINDOWS\System32\RPCRT4.dll
0x00007ffc26a70000 - 0x00007ffc26a97000 	C:\WINDOWS\System32\bcrypt.dll
0x00007ffc27f90000 - 0x00007ffc27ffb000 	C:\WINDOWS\System32\WS2_32.dll
0x00007ffc259f0000 - 0x00007ffc25a3b000 	C:\WINDOWS\SYSTEM32\POWRPROF.dll
0x00007ffc1f000000 - 0x00007ffc1f00a000 	C:\WINDOWS\SYSTEM32\VERSION.dll
0x00007ffc16e30000 - 0x00007ffc16e57000 	C:\WINDOWS\SYSTEM32\WINMM.dll
0x00007ffc25860000 - 0x00007ffc25872000 	C:\WINDOWS\SYSTEM32\UMPDC.dll
0x00007ffc242e0000 - 0x00007ffc242f2000 	C:\WINDOWS\SYSTEM32\kernel.appcore.dll
0x00007ffc00ee0000 - 0x00007ffc00eea000 	C:\Users\Technopark\.jdks\jbr-17.0.12\bin\jimage.dll
0x00007ffc239b0000 - 0x00007ffc23bb1000 	C:\WINDOWS\SYSTEM32\DBGHELP.DLL
0x00007ffc0fc10000 - 0x00007ffc0fc44000 	C:\WINDOWS\SYSTEM32\dbgcore.DLL
0x00007ffc26cb0000 - 0x00007ffc26d32000 	C:\WINDOWS\System32\bcryptPrimitives.dll
0x00007ffbfd550000 - 0x00007ffbfd575000 	C:\Users\Technopark\.jdks\jbr-17.0.12\bin\java.dll

dbghelp: loaded successfully - version: 4.0.5 - missing functions: none
symbol engine: initialized successfully - sym options: 0x614 - pdb path: .;C:\Users\Technopark\.jdks\jbr-17.0.12\bin;C:\WINDOWS\SYSTEM32;C:\WINDOWS\WinSxS\amd64_microsoft.windows.common-controls_6595b64144ccf1df_6.0.19041.5794_none_60bcd33171f2783c;C:\Users\Technopark\.jdks\jbr-17.0.12\bin\server

VM Arguments:
jvm_args: -Dfile.encoding=UTF-8 
java_command: C:\Users\Technopark\OneDrive\Документы\ITMO\programming\lab7\Server\build\libs\Server-1.0-SNAPSHOT.jar
java_class_path (initial): C:\Users\Technopark\OneDrive\Документы\ITMO\programming\lab7\Server\build\libs\Server-1.0-SNAPSHOT.jar
Launcher Type: SUN_STANDARD

[Global flags]
     intx CICompilerCount                          = 4                                         {product} {ergonomic}
     uint ConcGCThreads                            = 3                                         {product} {ergonomic}
     uint G1ConcRefinementThreads                  = 10                                        {product} {ergonomic}
   size_t G1HeapRegionSize                         = 1048576                                   {product} {ergonomic}
    uintx GCDrainStackTargetSize                   = 64                                        {product} {ergonomic}
   size_t InitialHeapSize                          = 132120576                                 {product} {ergonomic}
   size_t MarkStackSize                            = 4194304                                   {product} {ergonomic}
   size_t MaxHeapSize                              = 2107637760                                {product} {ergonomic}
   size_t MinHeapDeltaBytes                        = 1048576                                   {product} {ergonomic}
   size_t MinHeapSize                              = 8388608                                   {product} {ergonomic}
    uintx NonNMethodCodeHeapSize                   = 5839372                                {pd product} {ergonomic}
    uintx NonProfiledCodeHeapSize                  = 122909434                              {pd product} {ergonomic}
    uintx ProfiledCodeHeapSize                     = 122909434                              {pd product} {ergonomic}
    uintx ReservedCodeCacheSize                    = 251658240                              {pd product} {ergonomic}
     bool SegmentedCodeCache                       = true                                      {product} {ergonomic}
   size_t SoftMaxHeapSize                          = 2107637760                             {manageable} {ergonomic}
     bool UseCompressedClassPointers               = true                           {product lp64_product} {ergonomic}
     bool UseCompressedOops                        = true                           {product lp64_product} {ergonomic}
     bool UseG1GC                                  = true                                      {product} {ergonomic}
     bool UseLargePagesIndividualAllocation        = false                                  {pd product} {ergonomic}

Logging:
Log output configuration:
 #0: stdout all=warning uptime,level,tags
 #1: stderr all=off uptime,level,tags

Environment Variables:
PATH=C:\Program Files\Common Files\Oracle\Java\javapath;C:\Program Files\Oculus\Support\oculus-runtime;C:\Program Files\NVIDIA GPU Computing Toolkit\CUDA\v10.0\bin;C:\Program Files\NVIDIA GPU Computing Toolkit\CUDA\v10.0\libnvvp;C:\ProgramData\Oracle\Java\javapath;C:\Windows\system32;C:\Windows;C:\Windows\System32\Wbem;C:\Windows\System32\WindowsPowerShell\v1.0\;C:\Windows\System32\OpenSSH\;C:\Program Files (x86)\NVIDIA Corporation\PhysX\Common;C:\WINDOWS\system32;C:\WINDOWS;C:\WINDOWS\System32\Wbem;C:\WINDOWS\System32\WindowsPowerShell\v1.0\;C:\WINDOWS\System32\OpenSSH\;C:\Program Files\dotnet\;C:\Program Files (x86)\dotnet\;C:\Program Files\Git\cmd;C:\Program Files\AmneziaWG\;C:\Program Files\NVIDIA Corporation\NVIDIA app\NvDLISR;C:\Users\Technopark\AppData\Local\Programs\Python\Python310\Scripts\;C:\Users\Technopark\AppData\Local\Programs\Python\Python310\;C:\Users\Technopark\AppData\Local\Microsoft\WindowsApps;C:\Program Files\JetBrains\PyCharm Community Edition 2021.1.1\bin;;C:\Users\Technopark\AppData\Local\Programs\Microsoft VS Code\bin;C:\Users\Technopark\AppData\Local\GitHubDesktop\bin;C:\Java\jdk-22\bin;;C:\Program Files\JetBrains\IntelliJ IDEA Community Edition 2024.2.1\bin;;C:\Program Files\JetBrains\IntelliJ IDEA 2024.2.3\bin;;C:\Program Files\JetBrains\PhpStorm 2024.3\bin;
USERNAME=Technopark
OS=Windows_NT
PROCESSOR_IDENTIFIER=Intel64 Family 6 Model 158 Stepping 10, GenuineIntel
TMP=C:\Users\TECHNO~1\AppData\Local\Temp
TEMP=C:\Users\TECHNO~1\AppData\Local\Temp



Periodic native trim disabled

JNI global refs:
JNI global refs: 0, weak refs: 0

JNI global refs memory usage: 0, weak refs: 0

Process memory usage:
Resident Set Size: 50888K (0% of 8227388K total physical memory with 453944K free physical memory)

OOME stack traces (most recent first):
Classloader memory used:


---------------  S Y S T E M  ---------------

OS:
 Windows 10 , 64 bit Build 19041 (10.0.19041.5794)
OS uptime: 7 days 15:07 hours

CPU: total 12 (initial active 12) (6 cores per cpu, 2 threads per core) family 6 model 158 stepping 10 microcode 0xb4, cx8, cmov, fxsr, ht, mmx, 3dnowpref, sse, sse2, sse3, ssse3, sse4.1, sse4.2, popcnt, lzcnt, tsc, tscinvbit, avx, avx2, aes, erms, clmul, bmi1, bmi2, adx, fma, vzeroupper, clflush, clflushopt
Processor Information for all 12 processors :
  Max Mhz: 2601, Current Mhz: 2600, Mhz Limit: 2574

Memory: 4k page, system-wide physical 8034M (443M free)
TotalPageFile size 32610M (AvailPageFile size 58M)
current process WorkingSet (physical memory assigned to process): 49M, peak: 49M
current process commit charge ("private bytes"): 104M, peak: 190M

vm_info: OpenJDK 64-Bit Server VM (17.0.12+1-b1207.37) for windows-amd64 JRE (17.0.12+1-b1207.37), built on 2024-09-25 by "builduser" with MS VC++ 16.10 / 16.11 (VS2019)

END.
